2026-05-28 16:49:14,491 - aqt.main - INFO - installer 25748 aqtinstall(aqt) v3.3.0 on Python 3.12.9 [CPython MSC v.1942 64 bit (AMD64)]
2026-05-28 16:49:18,635 - aqt.helper - DEBUG - helper 5528 Attempt to download checksum at https://download.qt.io/online/qtsdkrepository/windows_x86/desktop/qt6_683/qt6_683/Updates.xml.sha256
2026-05-28 16:49:27,782 - aqt.helper - DEBUG - helper 28928 Attempt to download checksum at https://download.qt.io/online/qtsdkrepository/windows_x86/desktop/qt6_683/qt6_683/Updates.xml.sha256
2026-05-28 16:49:30,691 - aqt.helper - DEBUG - helper 28928 Attempt to download checksum at https://download.qt.io/online/qtsdkrepository/windows_x86/extensions/qtpdf/683/msvc2022_64/Updates.xml.sha256
2026-05-28 16:49:33,340 - aqt.helper - DEBUG - helper 28928 Attempt to download checksum at https://download.qt.io/online/qtsdkrepository/windows_x86/extensions/qtwebengine/683/msvc2022_64/Updates.xml.sha256
2026-05-28 16:50:18,098 - aqt.main - INFO - installer 29088 aqtinstall(aqt) v3.3.0 on Python 3.12.9 [CPython MSC v.1942 64 bit (AMD64)]
2026-05-28 16:50:18,098 - aqt.helper - DEBUG - helper 29088 Attempt to download checksum at https://download.qt.io/online/qtsdkrepository/windows_x86/desktop/qt6_683/qt6_683/Updates.xml.sha256
2026-05-28 16:50:21,047 - aqt.helper - DEBUG - helper 29088 Attempt to download checksum at https://download.qt.io/online/qtsdkrepository/windows_x86/extensions/qtwebengine/683/msvc2022_64/Updates.xml.sha256
2026-05-28 16:50:23,566 - aqt.archives - INFO - archives 29088 Found extension qtwebengine
2026-05-28 16:50:23,566 - aqt.helper - DEBUG - helper 29088 Attempt to download checksum at https://download.qt.io/online/qtsdkrepository/windows_x86/extensions/qtpdf/683/msvc2022_64/Updates.xml.sha256
2026-05-28 16:50:26,071 - aqt.archives - INFO - archives 29088 Found extension qtpdf
2026-05-28 16:50:26,509 - aqt.helper - DEBUG - helper 22848 Attempt to download checksum at https://download.qt.io/online/qtsdkrepository/windows_x86/desktop/qt6_683/qt6_683/qt.qt6.683.win64_msvc2022_64/6.8.3-0-202503201308qtbase-Windows-Windows_11_23H2-MSVC2022-Windows-Windows_11_23H2-X86_64.7z.sha256
2026-05-28 16:50:26,509 - aqt.helper - DEBUG - helper 23904 Attempt to download checksum at https://download.qt.io/online/qtsdkrepository/windows_x86/desktop/qt6_683/qt6_683/qt.qt6.683.win64_msvc2022_64/6.8.3-0-202503201308qtsvg-Windows-Windows_11_23H2-MSVC2022-Windows-Windows_11_23H2-X86_64.7z.sha256
2026-05-28 16:50:26,511 - aqt.helper - DEBUG - helper 476 Attempt to download checksum at https://download.qt.io/online/qtsdkrepository/windows_x86/desktop/qt6_683/qt6_683/qt.qt6.683.win64_msvc2022_64/6.8.3-0-202503201308qtdeclarative-Windows-Windows_11_23H2-MSVC2022-Windows-Windows_11_23H2-X86_64.7z.sha256
2026-05-28 16:50:26,511 - aqt.helper - DEBUG - helper 26788 Attempt to download checksum at https://download.qt.io/online/qtsdkrepository/windows_x86/desktop/qt6_683/qt6_683/qt.qt6.683.win64_msvc2022_64/6.8.3-0-202503201308qttools-Windows-Windows_11_23H2-MSVC2022-Windows-Windows_11_23H2-X86_64.7z.sha256
2026-05-28 16:50:27,816 - aqt.helper - INFO - helper 26788 Downloading qttools...
2026-05-28 16:50:27,817 - aqt.installer - DEBUG - installer 26788 Download URL: https://download.qt.io/online/qtsdkrepository/windows_x86/desktop/qt6_683/qt6_683/qt.qt6.683.win64_msvc2022_64/6.8.3-0-202503201308qttools-Windows-Windows_11_23H2-MSVC2022-Windows-Windows_11_23H2-X86_64.7z
2026-05-28 16:50:27,847 - aqt.helper - INFO - helper 476 Downloading qtdeclarative...
2026-05-28 16:50:27,847 - aqt.installer - DEBUG - installer 476 Download URL: https://download.qt.io/online/qtsdkrepository/windows_x86/desktop/qt6_683/qt6_683/qt.qt6.683.win64_msvc2022_64/6.8.3-0-202503201308qtdeclarative-Windows-Windows_11_23H2-MSVC2022-Windows-Windows_11_23H2-X86_64.7z
2026-05-28 16:50:27,858 - aqt.helper - INFO - helper 23904 Downloading qtsvg...
2026-05-28 16:50:27,859 - aqt.installer - DEBUG - installer 23904 Download URL: https://download.qt.io/online/qtsdkrepository/windows_x86/desktop/qt6_683/qt6_683/qt.qt6.683.win64_msvc2022_64/6.8.3-0-202503201308qtsvg-Windows-Windows_11_23H2-MSVC2022-Windows-Windows_11_23H2-X86_64.7z
2026-05-28 16:50:27,899 - aqt.helper - INFO - helper 22848 Downloading qtbase...
2026-05-28 16:50:27,899 - aqt.installer - DEBUG - installer 22848 Download URL: https://download.qt.io/online/qtsdkrepository/windows_x86/desktop/qt6_683/qt6_683/qt.qt6.683.win64_msvc2022_64/6.8.3-0-202503201308qtbase-Windows-Windows_11_23H2-MSVC2022-Windows-Windows_11_23H2-X86_64.7z
2026-05-28 16:50:29,140 - aqt.helper - DEBUG - helper 26788 Asked to redirect(302) to: https://qt.mirror.constant.com/online/qtsdkrepository/windows_x86/desktop/qt6_683/qt6_683/qt.qt6.683.win64_msvc2022_64/6.8.3-0-202503201308qttools-Windows-Windows_11_23H2-MSVC2022-Windows-Windows_11_23H2-X86_64.7z
2026-05-28 16:50:29,140 - aqt.helper - INFO - helper 26788 Redirected: qt.mirror.constant.com
2026-05-28 16:50:29,165 - aqt.helper - DEBUG - helper 476 Asked to redirect(302) to: https://qt.mirror.constant.com/online/qtsdkrepository/windows_x86/desktop/qt6_683/qt6_683/qt.qt6.683.win64_msvc2022_64/6.8.3-0-202503201308qtdeclarative-Windows-Windows_11_23H2-MSVC2022-Windows-Windows_11_23H2-X86_64.7z
2026-05-28 16:50:29,165 - aqt.helper - INFO - helper 476 Redirected: qt.mirror.constant.com
2026-05-28 16:50:29,236 - aqt.helper - DEBUG - helper 22848 Asked to redirect(302) to: https://qt.mirror.constant.com/online/qtsdkrepository/windows_x86/desktop/qt6_683/qt6_683/qt.qt6.683.win64_msvc2022_64/6.8.3-0-202503201308qtbase-Windows-Windows_11_23H2-MSVC2022-Windows-Windows_11_23H2-X86_64.7z
2026-05-28 16:50:29,236 - aqt.helper - INFO - helper 22848 Redirected: qt.mirror.constant.com
2026-05-28 16:50:29,239 - aqt.helper - DEBUG - helper 23904 Asked to redirect(302) to: https://qt.mirror.constant.com/online/qtsdkrepository/windows_x86/desktop/qt6_683/qt6_683/qt.qt6.683.win64_msvc2022_64/6.8.3-0-202503201308qtsvg-Windows-Windows_11_23H2-MSVC2022-Windows-Windows_11_23H2-X86_64.7z
2026-05-28 16:50:29,239 - aqt.helper - INFO - helper 23904 Redirected: qt.mirror.constant.com
2026-05-28 16:50:30,260 - aqt.main - INFO - installer 21036 aqtinstall(aqt) v3.3.0 on Python 3.12.9 [CPython MSC v.1942 64 bit (AMD64)]
2026-05-28 16:50:30,260 - aqt.helper - DEBUG - helper 21036 Attempt to download checksum at https://download.qt.io/online/qtsdkrepository/windows_x86/desktop/qt6_683/qt6_683/Updates.xml.sha256
2026-05-28 16:50:31,073 - aqt.installer - INFO - installer 23904 Finished installation of qtsvg-Windows-Windows_11_23H2-MSVC2022-Windows-Windows_11_23H2-X86_64.7z in 4.56485550
2026-05-28 16:50:31,082 - aqt.helper - DEBUG - helper 23904 Attempt to download checksum at https://download.qt.io/online/qtsdkrepository/windows_x86/desktop/qt6_683/qt6_683/qt.qt6.683.win64_msvc2022_64/6.8.3-0-202503201308qttranslations-Windows-Windows_11_23H2-MSVC2022-Windows-Windows_11_23H2-X86_64.7z.sha256
2026-05-28 16:50:33,120 - aqt.helper - DEBUG - helper 21036 Attempt to download checksum at https://download.qt.io/online/qtsdkrepository/windows_x86/extensions/qtwebengine/683/msvc2022_64/Updates.xml.sha256
2026-05-28 16:50:34,626 - aqt.helper - INFO - helper 23904 Downloading qttranslations...
2026-05-28 16:50:34,626 - aqt.installer - DEBUG - installer 23904 Download URL: https://download.qt.io/online/qtsdkrepository/windows_x86/desktop/qt6_683/qt6_683/qt.qt6.683.win64_msvc2022_64/6.8.3-0-202503201308qttranslations-Windows-Windows_11_23H2-MSVC2022-Windows-Windows_11_23H2-X86_64.7z
2026-05-28 16:50:35,840 - aqt.archives - INFO - archives 21036 Found extension qtwebengine
2026-05-28 16:50:35,840 - aqt.helper - DEBUG - helper 21036 Attempt to download checksum at https://download.qt.io/online/qtsdkrepository/windows_x86/extensions/qtpdf/683/msvc2022_64/Updates.xml.sha256
2026-05-28 16:50:35,940 - aqt.helper - DEBUG - helper 23904 Asked to redirect(302) to: https://qt.mirror.constant.com/online/qtsdkrepository/windows_x86/desktop/qt6_683/qt6_683/qt.qt6.683.win64_msvc2022_64/6.8.3-0-202503201308qttranslations-Windows-Windows_11_23H2-MSVC2022-Windows-Windows_11_23H2-X86_64.7z
2026-05-28 16:50:35,940 - aqt.helper - INFO - helper 23904 Redirected: qt.mirror.constant.com
2026-05-28 16:50:37,403 - aqt.installer - INFO - installer 22848 Finished installation of qtbase-Windows-Windows_11_23H2-MSVC2022-Windows-Windows_11_23H2-X86_64.7z in 10.89597860
2026-05-28 16:50:37,414 - aqt.helper - DEBUG - helper 22848 Attempt to download checksum at https://download.qt.io/online/qtsdkrepository/windows_x86/desktop/qt6_683/qt6_683/qt.qt6.683.win64_msvc2022_64/6.8.3-0-202503201308d3dcompiler_47-x64.7z.sha256
2026-05-28 16:50:38,754 - aqt.helper - INFO - helper 22848 Downloading d3dcompiler_47...
2026-05-28 16:50:38,754 - aqt.installer - DEBUG - installer 22848 Download URL: https://download.qt.io/online/qtsdkrepository/windows_x86/desktop/qt6_683/qt6_683/qt.qt6.683.win64_msvc2022_64/6.8.3-0-202503201308d3dcompiler_47-x64.7z
2026-05-28 16:50:38,880 - aqt.installer - INFO - installer 26788 Finished installation of qttools-Windows-Windows_11_23H2-MSVC2022-Windows-Windows_11_23H2-X86_64.7z in 12.37032280
2026-05-28 16:50:38,889 - aqt.helper - DEBUG - helper 26788 Attempt to download checksum at https://download.qt.io/online/qtsdkrepository/windows_x86/desktop/qt6_683/qt6_683/qt.qt6.683.win64_msvc2022_64/6.8.3-0-202503201308opengl32sw-64-mesa_11_2_2-signed_sha256.7z.sha256
2026-05-28 16:50:39,437 - aqt.archives - INFO - archives 21036 Found extension qtpdf
2026-05-28 16:50:39,851 - aqt.helper - DEBUG - helper 28056 Attempt to download checksum at https://download.qt.io/online/qtsdkrepository/windows_x86/desktop/qt6_683/qt6_683/qt.qt6.683.win64_msvc2022_64/6.8.3-0-202503201308qtbase-Windows-Windows_11_23H2-MSVC2022-Windows-Windows_11_23H2-X86_64.7z.sha256
2026-05-28 16:50:39,851 - aqt.helper - DEBUG - helper 20600 Attempt to download checksum at https://download.qt.io/online/qtsdkrepository/windows_x86/desktop/qt6_683/qt6_683/qt.qt6.683.win64_msvc2022_64/6.8.3-0-202503201308qtsvg-Windows-Windows_11_23H2-MSVC2022-Windows-Windows_11_23H2-X86_64.7z.sha256
2026-05-28 16:50:39,852 - aqt.helper - DEBUG - helper 8148 Attempt to download checksum at https://download.qt.io/online/qtsdkrepository/windows_x86/desktop/qt6_683/qt6_683/qt.qt6.683.win64_msvc2022_64/6.8.3-0-202503201308qtdeclarative-Windows-Windows_11_23H2-MSVC2022-Windows-Windows_11_23H2-X86_64.7z.sha256
2026-05-28 16:50:39,854 - aqt.helper - DEBUG - helper 20408 Attempt to download checksum at https://download.qt.io/online/qtsdkrepository/windows_x86/desktop/qt6_683/qt6_683/qt.qt6.683.win64_msvc2022_64/6.8.3-0-202503201308qttools-Windows-Windows_11_23H2-MSVC2022-Windows-Windows_11_23H2-X86_64.7z.sha256
2026-05-28 16:50:40,016 - aqt.helper - DEBUG - helper 22848 Asked to redirect(302) to: https://qt.mirror.constant.com/online/qtsdkrepository/windows_x86/desktop/qt6_683/qt6_683/qt.qt6.683.win64_msvc2022_64/6.8.3-0-202503201308d3dcompiler_47-x64.7z
2026-05-28 16:50:40,017 - aqt.helper - INFO - helper 22848 Redirected: qt.mirror.constant.com
2026-05-28 16:50:40,156 - aqt.helper - INFO - helper 26788 Downloading opengl32sw...
2026-05-28 16:50:40,156 - aqt.installer - DEBUG - installer 26788 Download URL: https://download.qt.io/online/qtsdkrepository/windows_x86/desktop/qt6_683/qt6_683/qt.qt6.683.win64_msvc2022_64/6.8.3-0-202503201308opengl32sw-64-mesa_11_2_2-signed_sha256.7z
2026-05-28 16:50:41,165 - aqt.helper - INFO - helper 20408 Downloading qttools...
2026-05-28 16:50:41,165 - aqt.installer - DEBUG - installer 20408 Download URL: https://download.qt.io/online/qtsdkrepository/windows_x86/desktop/qt6_683/qt6_683/qt.qt6.683.win64_msvc2022_64/6.8.3-0-202503201308qttools-Windows-Windows_11_23H2-MSVC2022-Windows-Windows_11_23H2-X86_64.7z
2026-05-28 16:50:41,216 - aqt.helper - INFO - helper 8148 Downloading qtdeclarative...
2026-05-28 16:50:41,216 - aqt.installer - DEBUG - installer 8148 Download URL: https://download.qt.io/online/qtsdkrepository/windows_x86/desktop/qt6_683/qt6_683/qt.qt6.683.win64_msvc2022_64/6.8.3-0-202503201308qtdeclarative-Windows-Windows_11_23H2-MSVC2022-Windows-Windows_11_23H2-X86_64.7z
2026-05-28 16:50:41,222 - aqt.helper - INFO - helper 20600 Downloading qtsvg...
2026-05-28 16:50:41,222 - aqt.installer - DEBUG - installer 20600 Download URL: https://download.qt.io/online/qtsdkrepository/windows_x86/desktop/qt6_683/qt6_683/qt.qt6.683.win64_msvc2022_64/6.8.3-0-202503201308qtsvg-Windows-Windows_11_23H2-MSVC2022-Windows-Windows_11_23H2-X86_64.7z
2026-05-28 16:50:41,235 - aqt.helper - INFO - helper 28056 Downloading qtbase...
2026-05-28 16:50:41,237 - aqt.installer - DEBUG - installer 28056 Download URL: https://download.qt.io/online/qtsdkrepository/windows_x86/desktop/qt6_683/qt6_683/qt.qt6.683.win64_msvc2022_64/6.8.3-0-202503201308qtbase-Windows-Windows_11_23H2-MSVC2022-Windows-Windows_11_23H2-X86_64.7z
2026-05-28 16:50:41,430 - aqt.helper - DEBUG - helper 26788 Asked to redirect(302) to: https://qt.mirror.constant.com/online/qtsdkrepository/windows_x86/desktop/qt6_683/qt6_683/qt.qt6.683.win64_msvc2022_64/6.8.3-0-202503201308opengl32sw-64-mesa_11_2_2-signed_sha256.7z
2026-05-28 16:50:41,430 - aqt.helper - INFO - helper 26788 Redirected: qt.mirror.constant.com
2026-05-28 16:50:41,500 - aqt.installer - INFO - installer 23904 Finished installation of qttranslations-Windows-Windows_11_23H2-MSVC2022-Windows-Windows_11_23H2-X86_64.7z in 10.42054030
2026-05-28 16:50:42,469 - aqt.helper - DEBUG - helper 20408 Asked to redirect(302) to: https://qt.mirror.constant.com/online/qtsdkrepository/windows_x86/desktop/qt6_683/qt6_683/qt.qt6.683.win64_msvc2022_64/6.8.3-0-202503201308qttools-Windows-Windows_11_23H2-MSVC2022-Windows-Windows_11_23H2-X86_64.7z
2026-05-28 16:50:42,470 - aqt.helper - INFO - helper 20408 Redirected: qt.mirror.constant.com
2026-05-28 16:50:42,548 - aqt.helper - DEBUG - helper 28056 Asked to redirect(302) to: https://qt.mirror.constant.com/online/qtsdkrepository/windows_x86/desktop/qt6_683/qt6_683/qt.qt6.683.win64_msvc2022_64/6.8.3-0-202503201308qtbase-Windows-Windows_11_23H2-MSVC2022-Windows-Windows_11_23H2-X86_64.7z
2026-05-28 16:50:42,549 - aqt.helper - INFO - helper 28056 Redirected: qt.mirror.constant.com
2026-05-28 16:50:42,561 - aqt.helper - DEBUG - helper 8148 Asked to redirect(302) to: https://qt.mirror.constant.com/online/qtsdkrepository/windows_x86/desktop/qt6_683/qt6_683/qt.qt6.683.win64_msvc2022_64/6.8.3-0-202503201308qtdeclarative-Windows-Windows_11_23H2-MSVC2022-Windows-Windows_11_23H2-X86_64.7z
2026-05-28 16:50:42,561 - aqt.helper - INFO - helper 8148 Redirected: qt.mirror.constant.com
2026-05-28 16:50:42,568 - aqt.helper - DEBUG - helper 20600 Asked to redirect(302) to: https://qt.mirror.constant.com/online/qtsdkrepository/windows_x86/desktop/qt6_683/qt6_683/qt.qt6.683.win64_msvc2022_64/6.8.3-0-202503201308qtsvg-Windows-Windows_11_23H2-MSVC2022-Windows-Windows_11_23H2-X86_64.7z
2026-05-28 16:50:42,568 - aqt.helper - INFO - helper 20600 Redirected: qt.mirror.constant.com
2026-05-28 16:50:43,927 - aqt.installer - INFO - installer 26788 Finished installation of opengl32sw-64-mesa_11_2_2-signed_sha256.7z in 5.03933070
2026-05-28 16:50:46,008 - aqt.installer - INFO - installer 20600 Finished installation of qtsvg-Windows-Windows_11_23H2-MSVC2022-Windows-Windows_11_23H2-X86_64.7z in 6.15840040
2026-05-28 16:50:46,021 - aqt.helper - DEBUG - helper 20600 Attempt to download checksum at https://download.qt.io/online/qtsdkrepository/windows_x86/desktop/qt6_683/qt6_683/qt.qt6.683.win64_msvc2022_64/6.8.3-0-202503201308qttranslations-Windows-Windows_11_23H2-MSVC2022-Windows-Windows_11_23H2-X86_64.7z.sha256
2026-05-28 16:50:46,069 - aqt.installer - INFO - installer 22848 Finished installation of d3dcompiler_47-x64.7z in 8.65734220
2026-05-28 16:50:47,372 - aqt.helper - INFO - helper 20600 Downloading qttranslations...
2026-05-28 16:50:47,372 - aqt.installer - DEBUG - installer 20600 Download URL: https://download.qt.io/online/qtsdkrepository/windows_x86/desktop/qt6_683/qt6_683/qt.qt6.683.win64_msvc2022_64/6.8.3-0-202503201308qttranslations-Windows-Windows_11_23H2-MSVC2022-Windows-Windows_11_23H2-X86_64.7z
2026-05-28 16:50:47,880 - aqt.installer - INFO - installer 20408 Finished installation of qttools-Windows-Windows_11_23H2-MSVC2022-Windows-Windows_11_23H2-X86_64.7z in 8.02697460
2026-05-28 16:50:47,890 - aqt.helper - DEBUG - helper 20408 Attempt to download checksum at https://download.qt.io/online/qtsdkrepository/windows_x86/desktop/qt6_683/qt6_683/qt.qt6.683.win64_msvc2022_64/6.8.3-0-202503201308d3dcompiler_47-x64.7z.sha256
2026-05-28 16:50:49,349 - aqt.helper - INFO - helper 20408 Downloading d3dcompiler_47...
2026-05-28 16:50:49,350 - aqt.installer - DEBUG - installer 20408 Download URL: https://download.qt.io/online/qtsdkrepository/windows_x86/desktop/qt6_683/qt6_683/qt.qt6.683.win64_msvc2022_64/6.8.3-0-202503201308d3dcompiler_47-x64.7z
2026-05-28 16:50:50,159 - aqt.helper - DEBUG - helper 20600 Asked to redirect(302) to: https://qt.mirror.constant.com/online/qtsdkrepository/windows_x86/desktop/qt6_683/qt6_683/qt.qt6.683.win64_msvc2022_64/6.8.3-0-202503201308qttranslations-Windows-Windows_11_23H2-MSVC2022-Windows-Windows_11_23H2-X86_64.7z
2026-05-28 16:50:50,159 - aqt.helper - INFO - helper 20600 Redirected: qt.mirror.constant.com
2026-05-28 16:50:50,785 - aqt.helper - DEBUG - helper 20408 Asked to redirect(302) to: https://qt.mirror.constant.com/online/qtsdkrepository/windows_x86/desktop/qt6_683/qt6_683/qt.qt6.683.win64_msvc2022_64/6.8.3-0-202503201308d3dcompiler_47-x64.7z
2026-05-28 16:50:50,785 - aqt.helper - INFO - helper 20408 Redirected: qt.mirror.constant.com
2026-05-28 16:50:52,476 - aqt.installer - INFO - installer 20600 Finished installation of qttranslations-Windows-Windows_11_23H2-MSVC2022-Windows-Windows_11_23H2-X86_64.7z in 6.45768340
2026-05-28 16:50:52,488 - aqt.helper - DEBUG - helper 20600 Attempt to download checksum at https://download.qt.io/online/qtsdkrepository/windows_x86/desktop/qt6_683/qt6_683/qt.qt6.683.win64_msvc2022_64/6.8.3-0-202503201308opengl32sw-64-mesa_11_2_2-signed_sha256.7z.sha256
2026-05-28 16:50:53,755 - aqt.helper - INFO - helper 20600 Downloading opengl32sw...
2026-05-28 16:50:53,755 - aqt.installer - DEBUG - installer 20600 Download URL: https://download.qt.io/online/qtsdkrepository/windows_x86/desktop/qt6_683/qt6_683/qt.qt6.683.win64_msvc2022_64/6.8.3-0-202503201308opengl32sw-64-mesa_11_2_2-signed_sha256.7z
2026-05-28 16:50:55,050 - aqt.helper - DEBUG - helper 20600 Asked to redirect(302) to: https://qt.mirror.constant.com/online/qtsdkrepository/windows_x86/desktop/qt6_683/qt6_683/qt.qt6.683.win64_msvc2022_64/6.8.3-0-202503201308opengl32sw-64-mesa_11_2_2-signed_sha256.7z
2026-05-28 16:50:55,050 - aqt.helper - INFO - helper 20600 Redirected: qt.mirror.constant.com
2026-05-28 16:50:55,711 - aqt.installer - INFO - installer 20408 Finished installation of d3dcompiler_47-x64.7z in 7.82133140
2026-05-28 16:50:58,084 - aqt.installer - INFO - installer 28056 Finished installation of qtbase-Windows-Windows_11_23H2-MSVC2022-Windows-Windows_11_23H2-X86_64.7z in 18.23515780
2026-05-28 16:50:59,260 - aqt.installer - INFO - installer 20600 Finished installation of opengl32sw-64-mesa_11_2_2-signed_sha256.7z in 6.77248410
2026-05-28 16:51:03,508 - aqt.installer - INFO - installer 476 Finished installation of qtdeclarative-Windows-Windows_11_23H2-MSVC2022-Windows-Windows_11_23H2-X86_64.7z in 36.99954850
2026-05-28 16:51:03,712 - aqt.updater - INFO - updater 29088 Patching C:\Qt\6.8.3\msvc2022_64\bin\qmake.exe
2026-05-28 16:51:03,715 - aqt.updater - INFO - updater 29088 Patching C:\Qt\6.8.3\msvc2022_64\lib\Qt6Concurrent.prl
2026-05-28 16:51:03,721 - aqt.updater - INFO - updater 29088 Patching C:\Qt\6.8.3\msvc2022_64\lib\Qt6Concurrentd.prl
2026-05-28 16:51:03,725 - aqt.updater - INFO - updater 29088 Patching C:\Qt\6.8.3\msvc2022_64\lib\Qt6Core.prl
2026-05-28 16:51:03,729 - aqt.updater - INFO - updater 29088 Patching C:\Qt\6.8.3\msvc2022_64\lib\Qt6Core5Compat.prl
2026-05-28 16:51:03,755 - aqt.updater - INFO - updater 29088 Patching C:\Qt\6.8.3\msvc2022_64\lib\Qt6Cored.prl
2026-05-28 16:51:03,762 - aqt.updater - INFO - updater 29088 Patching C:\Qt\6.8.3\msvc2022_64\lib\Qt6DBus.prl
2026-05-28 16:51:03,768 - aqt.updater - INFO - updater 29088 Patching C:\Qt\6.8.3\msvc2022_64\lib\Qt6DBusd.prl
2026-05-28 16:51:03,772 - aqt.updater - INFO - updater 29088 Patching C:\Qt\6.8.3\msvc2022_64\lib\Qt6Designer.prl
2026-05-28 16:51:03,778 - aqt.updater - INFO - updater 29088 Patching C:\Qt\6.8.3\msvc2022_64\lib\Qt6DesignerComponents.prl
2026-05-28 16:51:03,784 - aqt.updater - INFO - updater 29088 Patching C:\Qt\6.8.3\msvc2022_64\lib\Qt6DesignerComponentsd.prl
2026-05-28 16:51:03,839 - aqt.updater - INFO - updater 29088 Patching C:\Qt\6.8.3\msvc2022_64\lib\Qt6Designerd.prl
2026-05-28 16:51:03,845 - aqt.updater - INFO - updater 29088 Patching C:\Qt\6.8.3\msvc2022_64\lib\Qt6DeviceDiscoverySupport.prl
2026-05-28 16:51:03,850 - aqt.updater - INFO - updater 29088 Patching C:\Qt\6.8.3\msvc2022_64\lib\Qt6DeviceDiscoverySupportd.prl
2026-05-28 16:51:03,854 - aqt.updater - INFO - updater 29088 Patching C:\Qt\6.8.3\msvc2022_64\lib\Qt6EntryPoint.prl
2026-05-28 16:51:03,858 - aqt.updater - INFO - updater 29088 Patching C:\Qt\6.8.3\msvc2022_64\lib\Qt6EntryPointd.prl
2026-05-28 16:51:03,939 - aqt.updater - INFO - updater 29088 Patching C:\Qt\6.8.3\msvc2022_64\lib\Qt6ExampleIcons.prl
2026-05-28 16:51:03,945 - aqt.updater - INFO - updater 29088 Patching C:\Qt\6.8.3\msvc2022_64\lib\Qt6ExampleIconsd.prl
2026-05-28 16:51:03,950 - aqt.updater - INFO - updater 29088 Patching C:\Qt\6.8.3\msvc2022_64\lib\Qt6ExamplesAssetDownloader.prl
2026-05-28 16:51:03,954 - aqt.updater - INFO - updater 29088 Patching C:\Qt\6.8.3\msvc2022_64\lib\Qt6ExamplesAssetDownloaderd.prl
2026-05-28 16:51:03,958 - aqt.updater - INFO - updater 29088 Patching C:\Qt\6.8.3\msvc2022_64\lib\Qt6FbSupport.prl
2026-05-28 16:51:03,963 - aqt.updater - INFO - updater 29088 Patching C:\Qt\6.8.3\msvc2022_64\lib\Qt6FbSupportd.prl
2026-05-28 16:51:03,967 - aqt.updater - INFO - updater 29088 Patching C:\Qt\6.8.3\msvc2022_64\lib\Qt6Gui.prl
2026-05-28 16:51:03,970 - aqt.updater - INFO - updater 29088 Patching C:\Qt\6.8.3\msvc2022_64\lib\Qt6Guid.prl
2026-05-28 16:51:03,974 - aqt.updater - INFO - updater 29088 Patching C:\Qt\6.8.3\msvc2022_64\lib\Qt6Help.prl
2026-05-28 16:51:03,978 - aqt.updater - INFO - updater 29088 Patching C:\Qt\6.8.3\msvc2022_64\lib\Qt6Helpd.prl
2026-05-28 16:51:03,982 - aqt.updater - INFO - updater 29088 Patching C:\Qt\6.8.3\msvc2022_64\lib\Qt6LabsAnimation.prl
2026-05-28 16:51:03,986 - aqt.updater - INFO - updater 29088 Patching C:\Qt\6.8.3\msvc2022_64\lib\Qt6LabsAnimationd.prl
2026-05-28 16:51:03,990 - aqt.updater - INFO - updater 29088 Patching C:\Qt\6.8.3\msvc2022_64\lib\Qt6LabsFolderListModel.prl
2026-05-28 16:51:03,994 - aqt.updater - INFO - updater 29088 Patching C:\Qt\6.8.3\msvc2022_64\lib\Qt6LabsFolderListModeld.prl
2026-05-28 16:51:03,998 - aqt.updater - INFO - updater 29088 Patching C:\Qt\6.8.3\msvc2022_64\lib\Qt6LabsPlatform.prl
2026-05-28 16:51:04,003 - aqt.updater - INFO - updater 29088 Patching C:\Qt\6.8.3\msvc2022_64\lib\Qt6LabsPlatformd.prl
2026-05-28 16:51:04,007 - aqt.updater - INFO - updater 29088 Patching C:\Qt\6.8.3\msvc2022_64\lib\Qt6LabsQmlModels.prl
2026-05-28 16:51:04,010 - aqt.updater - INFO - updater 29088 Patching C:\Qt\6.8.3\msvc2022_64\lib\Qt6LabsQmlModelsd.prl
2026-05-28 16:51:04,015 - aqt.updater - INFO - updater 29088 Patching C:\Qt\6.8.3\msvc2022_64\lib\Qt6LabsSettings.prl
2026-05-28 16:51:04,020 - aqt.updater - INFO - updater 29088 Patching C:\Qt\6.8.3\msvc2022_64\lib\Qt6LabsSettingsd.prl
2026-05-28 16:51:04,024 - aqt.updater - INFO - updater 29088 Patching C:\Qt\6.8.3\msvc2022_64\lib\Qt6LabsSharedImage.prl
2026-05-28 16:51:04,029 - aqt.updater - INFO - updater 29088 Patching C:\Qt\6.8.3\msvc2022_64\lib\Qt6LabsSharedImaged.prl
2026-05-28 16:51:04,032 - aqt.updater - INFO - updater 29088 Patching C:\Qt\6.8.3\msvc2022_64\lib\Qt6LabsWavefrontMesh.prl
2026-05-28 16:51:04,036 - aqt.updater - INFO - updater 29088 Patching C:\Qt\6.8.3\msvc2022_64\lib\Qt6LabsWavefrontMeshd.prl
2026-05-28 16:51:04,041 - aqt.updater - INFO - updater 29088 Patching C:\Qt\6.8.3\msvc2022_64\lib\Qt6Network.prl
2026-05-28 16:51:04,046 - aqt.updater - INFO - updater 29088 Patching C:\Qt\6.8.3\msvc2022_64\lib\Qt6Networkd.prl
2026-05-28 16:51:04,051 - aqt.updater - INFO - updater 29088 Patching C:\Qt\6.8.3\msvc2022_64\lib\Qt6OpenGL.prl
2026-05-28 16:51:04,324 - aqt.updater - INFO - updater 29088 Patching C:\Qt\6.8.3\msvc2022_64\lib\Qt6OpenGLd.prl
2026-05-28 16:51:04,362 - aqt.updater - INFO - updater 29088 Patching C:\Qt\6.8.3\msvc2022_64\lib\Qt6OpenGLWidgets.prl
2026-05-28 16:51:04,368 - aqt.updater - INFO - updater 29088 Patching C:\Qt\6.8.3\msvc2022_64\lib\Qt6OpenGLWidgetsd.prl
2026-05-28 16:51:04,372 - aqt.updater - INFO - updater 29088 Patching C:\Qt\6.8.3\msvc2022_64\lib\Qt6PacketProtocol.prl
2026-05-28 16:51:04,378 - aqt.updater - INFO - updater 29088 Patching C:\Qt\6.8.3\msvc2022_64\lib\Qt6PacketProtocold.prl
2026-05-28 16:51:04,382 - aqt.updater - INFO - updater 29088 Patching C:\Qt\6.8.3\msvc2022_64\lib\Qt6PrintSupport.prl
2026-05-28 16:51:04,387 - aqt.updater - INFO - updater 29088 Patching C:\Qt\6.8.3\msvc2022_64\lib\Qt6PrintSupportd.prl
2026-05-28 16:51:04,393 - aqt.updater - INFO - updater 29088 Patching C:\Qt\6.8.3\msvc2022_64\lib\Qt6Qml.prl
2026-05-28 16:51:04,397 - aqt.updater - INFO - updater 29088 Patching C:\Qt\6.8.3\msvc2022_64\lib\Qt6QmlAssetDownloader.prl
2026-05-28 16:51:04,403 - aqt.updater - INFO - updater 29088 Patching C:\Qt\6.8.3\msvc2022_64\lib\Qt6QmlAssetDownloaderd.prl
2026-05-28 16:51:04,407 - aqt.updater - INFO - updater 29088 Patching C:\Qt\6.8.3\msvc2022_64\lib\Qt6QmlCompiler.prl
2026-05-28 16:51:04,411 - aqt.updater - INFO - updater 29088 Patching C:\Qt\6.8.3\msvc2022_64\lib\Qt6QmlCompilerd.prl
2026-05-28 16:51:04,416 - aqt.updater - INFO - updater 29088 Patching C:\Qt\6.8.3\msvc2022_64\lib\Qt6QmlCore.prl
2026-05-28 16:51:04,420 - aqt.updater - INFO - updater 29088 Patching C:\Qt\6.8.3\msvc2022_64\lib\Qt6QmlCored.prl
2026-05-28 16:51:04,425 - aqt.updater - INFO - updater 29088 Patching C:\Qt\6.8.3\msvc2022_64\lib\Qt6Qmld.prl
2026-05-28 16:51:04,428 - aqt.updater - INFO - updater 29088 Patching C:\Qt\6.8.3\msvc2022_64\lib\Qt6QmlDebug.prl
2026-05-28 16:51:04,435 - aqt.updater - INFO - updater 29088 Patching C:\Qt\6.8.3\msvc2022_64\lib\Qt6QmlDebugd.prl
2026-05-28 16:51:04,440 - aqt.updater - INFO - updater 29088 Patching C:\Qt\6.8.3\msvc2022_64\lib\Qt6QmlDom.prl
2026-05-28 16:51:04,444 - aqt.updater - INFO - updater 29088 Patching C:\Qt\6.8.3\msvc2022_64\lib\Qt6QmlDomd.prl
2026-05-28 16:51:04,449 - aqt.updater - INFO - updater 29088 Patching C:\Qt\6.8.3\msvc2022_64\lib\Qt6QmlLocalStorage.prl
2026-05-28 16:51:04,453 - aqt.updater - INFO - updater 29088 Patching C:\Qt\6.8.3\msvc2022_64\lib\Qt6QmlLocalStoraged.prl
2026-05-28 16:51:04,457 - aqt.updater - INFO - updater 29088 Patching C:\Qt\6.8.3\msvc2022_64\lib\Qt6QmlLS.prl
2026-05-28 16:51:04,463 - aqt.updater - INFO - updater 29088 Patching C:\Qt\6.8.3\msvc2022_64\lib\Qt6QmlLSd.prl
2026-05-28 16:51:04,467 - aqt.updater - INFO - updater 29088 Patching C:\Qt\6.8.3\msvc2022_64\lib\Qt6QmlMeta.prl
2026-05-28 16:51:04,470 - aqt.updater - INFO - updater 29088 Patching C:\Qt\6.8.3\msvc2022_64\lib\Qt6QmlMetad.prl
2026-05-28 16:51:04,474 - aqt.updater - INFO - updater 29088 Patching C:\Qt\6.8.3\msvc2022_64\lib\Qt6QmlModels.prl
2026-05-28 16:51:04,480 - aqt.updater - INFO - updater 29088 Patching C:\Qt\6.8.3\msvc2022_64\lib\Qt6QmlModelsd.prl
2026-05-28 16:51:04,484 - aqt.updater - INFO - updater 29088 Patching C:\Qt\6.8.3\msvc2022_64\lib\Qt6QmlNetwork.prl
2026-05-28 16:51:04,488 - aqt.updater - INFO - updater 29088 Patching C:\Qt\6.8.3\msvc2022_64\lib\Qt6QmlNetworkd.prl
2026-05-28 16:51:04,492 - aqt.updater - INFO - updater 29088 Patching C:\Qt\6.8.3\msvc2022_64\lib\Qt6QmlToolingSettings.prl
2026-05-28 16:51:04,496 - aqt.updater - INFO - updater 29088 Patching C:\Qt\6.8.3\msvc2022_64\lib\Qt6QmlToolingSettingsd.prl
2026-05-28 16:51:04,508 - aqt.updater - INFO - updater 29088 Patching C:\Qt\6.8.3\msvc2022_64\lib\Qt6QmlTypeRegistrar.prl
2026-05-28 16:51:04,513 - aqt.updater - INFO - updater 29088 Patching C:\Qt\6.8.3\msvc2022_64\lib\Qt6QmlTypeRegistrard.prl
2026-05-28 16:51:04,518 - aqt.updater - INFO - updater 29088 Patching C:\Qt\6.8.3\msvc2022_64\lib\Qt6QmlWorkerScript.prl
2026-05-28 16:51:04,523 - aqt.updater - INFO - updater 29088 Patching C:\Qt\6.8.3\msvc2022_64\lib\Qt6QmlWorkerScriptd.prl
2026-05-28 16:51:04,527 - aqt.updater - INFO - updater 29088 Patching C:\Qt\6.8.3\msvc2022_64\lib\Qt6QmlXmlListModel.prl
2026-05-28 16:51:04,531 - aqt.updater - INFO - updater 29088 Patching C:\Qt\6.8.3\msvc2022_64\lib\Qt6QmlXmlListModeld.prl
2026-05-28 16:51:04,536 - aqt.updater - INFO - updater 29088 Patching C:\Qt\6.8.3\msvc2022_64\lib\Qt6Quick.prl
2026-05-28 16:51:04,540 - aqt.updater - INFO - updater 29088 Patching C:\Qt\6.8.3\msvc2022_64\lib\Qt6QuickControls2.prl
2026-05-28 16:51:04,545 - aqt.updater - INFO - updater 29088 Patching C:\Qt\6.8.3\msvc2022_64\lib\Qt6QuickControls2Basic.prl
2026-05-28 16:51:04,549 - aqt.updater - INFO - updater 29088 Patching C:\Qt\6.8.3\msvc2022_64\lib\Qt6QuickControls2Basicd.prl
2026-05-28 16:51:04,552 - aqt.updater - INFO - updater 29088 Patching C:\Qt\6.8.3\msvc2022_64\lib\Qt6QuickControls2BasicStyleImpl.prl
2026-05-28 16:51:04,557 - aqt.updater - INFO - updater 29088 Patching C:\Qt\6.8.3\msvc2022_64\lib\Qt6QuickControls2BasicStyleImpld.prl
2026-05-28 16:51:04,562 - aqt.updater - INFO - updater 29088 Patching C:\Qt\6.8.3\msvc2022_64\lib\Qt6QuickControls2d.prl
2026-05-28 16:51:04,566 - aqt.updater - INFO - updater 29088 Patching C:\Qt\6.8.3\msvc2022_64\lib\Qt6QuickControls2FluentWinUI3StyleImpl.prl
2026-05-28 16:51:04,570 - aqt.updater - INFO - updater 29088 Patching C:\Qt\6.8.3\msvc2022_64\lib\Qt6QuickControls2FluentWinUI3StyleImpld.prl
2026-05-28 16:51:04,574 - aqt.updater - INFO - updater 29088 Patching C:\Qt\6.8.3\msvc2022_64\lib\Qt6QuickControls2Fusion.prl
2026-05-28 16:51:04,578 - aqt.updater - INFO - updater 29088 Patching C:\Qt\6.8.3\msvc2022_64\lib\Qt6QuickControls2Fusiond.prl
2026-05-28 16:51:04,581 - aqt.updater - INFO - updater 29088 Patching C:\Qt\6.8.3\msvc2022_64\lib\Qt6QuickControls2FusionStyleImpl.prl
2026-05-28 16:51:04,586 - aqt.updater - INFO - updater 29088 Patching C:\Qt\6.8.3\msvc2022_64\lib\Qt6QuickControls2FusionStyleImpld.prl
2026-05-28 16:51:04,591 - aqt.updater - INFO - updater 29088 Patching C:\Qt\6.8.3\msvc2022_64\lib\Qt6QuickControls2Imagine.prl
2026-05-28 16:51:04,596 - aqt.updater - INFO - updater 29088 Patching C:\Qt\6.8.3\msvc2022_64\lib\Qt6QuickControls2Imagined.prl
2026-05-28 16:51:04,600 - aqt.updater - INFO - updater 29088 Patching C:\Qt\6.8.3\msvc2022_64\lib\Qt6QuickControls2ImagineStyleImpl.prl
2026-05-28 16:51:04,605 - aqt.updater - INFO - updater 29088 Patching C:\Qt\6.8.3\msvc2022_64\lib\Qt6QuickControls2ImagineStyleImpld.prl
2026-05-28 16:51:04,609 - aqt.updater - INFO - updater 29088 Patching C:\Qt\6.8.3\msvc2022_64\lib\Qt6QuickControls2Impl.prl
2026-05-28 16:51:04,652 - aqt.updater - INFO - updater 29088 Patching C:\Qt\6.8.3\msvc2022_64\lib\Qt6QuickControls2Impld.prl
2026-05-28 16:51:04,658 - aqt.updater - INFO - updater 29088 Patching C:\Qt\6.8.3\msvc2022_64\lib\Qt6QuickControls2Material.prl
2026-05-28 16:51:04,664 - aqt.updater - INFO - updater 29088 Patching C:\Qt\6.8.3\msvc2022_64\lib\Qt6QuickControls2Materiald.prl
2026-05-28 16:51:04,671 - aqt.updater - INFO - updater 29088 Patching C:\Qt\6.8.3\msvc2022_64\lib\Qt6QuickControls2MaterialStyleImpl.prl
2026-05-28 16:51:04,678 - aqt.updater - INFO - updater 29088 Patching C:\Qt\6.8.3\msvc2022_64\lib\Qt6QuickControls2MaterialStyleImpld.prl
2026-05-28 16:51:04,683 - aqt.updater - INFO - updater 29088 Patching C:\Qt\6.8.3\msvc2022_64\lib\Qt6QuickControls2Universal.prl
2026-05-28 16:51:04,688 - aqt.updater - INFO - updater 29088 Patching C:\Qt\6.8.3\msvc2022_64\lib\Qt6QuickControls2Universald.prl
2026-05-28 16:51:04,694 - aqt.updater - INFO - updater 29088 Patching C:\Qt\6.8.3\msvc2022_64\lib\Qt6QuickControls2UniversalStyleImpl.prl
2026-05-28 16:51:04,699 - aqt.updater - INFO - updater 29088 Patching C:\Qt\6.8.3\msvc2022_64\lib\Qt6QuickControls2UniversalStyleImpld.prl
2026-05-28 16:51:04,704 - aqt.updater - INFO - updater 29088 Patching C:\Qt\6.8.3\msvc2022_64\lib\Qt6QuickControls2WindowsStyleImpl.prl
2026-05-28 16:51:04,708 - aqt.updater - INFO - updater 29088 Patching C:\Qt\6.8.3\msvc2022_64\lib\Qt6QuickControls2WindowsStyleImpld.prl
2026-05-28 16:51:04,712 - aqt.updater - INFO - updater 29088 Patching C:\Qt\6.8.3\msvc2022_64\lib\Qt6QuickControlsTestUtils.prl
2026-05-28 16:51:04,718 - aqt.updater - INFO - updater 29088 Patching C:\Qt\6.8.3\msvc2022_64\lib\Qt6QuickControlsTestUtilsd.prl
2026-05-28 16:51:04,723 - aqt.updater - INFO - updater 29088 Patching C:\Qt\6.8.3\msvc2022_64\lib\Qt6Quickd.prl
2026-05-28 16:51:04,727 - aqt.updater - INFO - updater 29088 Patching C:\Qt\6.8.3\msvc2022_64\lib\Qt6QuickDialogs2.prl
2026-05-28 16:51:04,732 - aqt.updater - INFO - updater 29088 Patching C:\Qt\6.8.3\msvc2022_64\lib\Qt6QuickDialogs2d.prl
2026-05-28 16:51:04,736 - aqt.updater - INFO - updater 29088 Patching C:\Qt\6.8.3\msvc2022_64\lib\Qt6QuickDialogs2QuickImpl.prl
2026-05-28 16:51:04,765 - aqt.updater - INFO - updater 29088 Patching C:\Qt\6.8.3\msvc2022_64\lib\Qt6QuickDialogs2QuickImpld.prl
2026-05-28 16:51:04,770 - aqt.updater - INFO - updater 29088 Patching C:\Qt\6.8.3\msvc2022_64\lib\Qt6QuickDialogs2Utils.prl
2026-05-28 16:51:04,774 - aqt.updater - INFO - updater 29088 Patching C:\Qt\6.8.3\msvc2022_64\lib\Qt6QuickDialogs2Utilsd.prl
2026-05-28 16:51:04,780 - aqt.updater - INFO - updater 29088 Patching C:\Qt\6.8.3\msvc2022_64\lib\Qt6QuickEffects.prl
2026-05-28 16:51:04,784 - aqt.updater - INFO - updater 29088 Patching C:\Qt\6.8.3\msvc2022_64\lib\Qt6QuickEffectsd.prl
2026-05-28 16:51:04,788 - aqt.updater - INFO - updater 29088 Patching C:\Qt\6.8.3\msvc2022_64\lib\Qt6QuickLayouts.prl
2026-05-28 16:51:04,793 - aqt.updater - INFO - updater 29088 Patching C:\Qt\6.8.3\msvc2022_64\lib\Qt6QuickLayoutsd.prl
2026-05-28 16:51:04,798 - aqt.updater - INFO - updater 29088 Patching C:\Qt\6.8.3\msvc2022_64\lib\Qt6QuickParticles.prl
2026-05-28 16:51:04,802 - aqt.updater - INFO - updater 29088 Patching C:\Qt\6.8.3\msvc2022_64\lib\Qt6QuickParticlesd.prl
2026-05-28 16:51:04,806 - aqt.updater - INFO - updater 29088 Patching C:\Qt\6.8.3\msvc2022_64\lib\Qt6QuickShapes.prl
2026-05-28 16:51:04,811 - aqt.updater - INFO - updater 29088 Patching C:\Qt\6.8.3\msvc2022_64\lib\Qt6QuickShapesd.prl
2026-05-28 16:51:04,815 - aqt.updater - INFO - updater 29088 Patching C:\Qt\6.8.3\msvc2022_64\lib\Qt6QuickTemplates2.prl
2026-05-28 16:51:04,820 - aqt.updater - INFO - updater 29088 Patching C:\Qt\6.8.3\msvc2022_64\lib\Qt6QuickTemplates2d.prl
2026-05-28 16:51:04,824 - aqt.updater - INFO - updater 29088 Patching C:\Qt\6.8.3\msvc2022_64\lib\Qt6QuickTest.prl
2026-05-28 16:51:04,828 - aqt.updater - INFO - updater 29088 Patching C:\Qt\6.8.3\msvc2022_64\lib\Qt6QuickTestd.prl
2026-05-28 16:51:04,832 - aqt.updater - INFO - updater 29088 Patching C:\Qt\6.8.3\msvc2022_64\lib\Qt6QuickTestUtils.prl
2026-05-28 16:51:04,837 - aqt.updater - INFO - updater 29088 Patching C:\Qt\6.8.3\msvc2022_64\lib\Qt6QuickTestUtilsd.prl
2026-05-28 16:51:04,841 - aqt.updater - INFO - updater 29088 Patching C:\Qt\6.8.3\msvc2022_64\lib\Qt6QuickVectorImage.prl
2026-05-28 16:51:04,846 - aqt.updater - INFO - updater 29088 Patching C:\Qt\6.8.3\msvc2022_64\lib\Qt6QuickVectorImaged.prl
2026-05-28 16:51:04,850 - aqt.updater - INFO - updater 29088 Patching C:\Qt\6.8.3\msvc2022_64\lib\Qt6QuickVectorImageGenerator.prl
2026-05-28 16:51:04,854 - aqt.updater - INFO - updater 29088 Patching C:\Qt\6.8.3\msvc2022_64\lib\Qt6QuickVectorImageGeneratord.prl
2026-05-28 16:51:04,858 - aqt.updater - INFO - updater 29088 Patching C:\Qt\6.8.3\msvc2022_64\lib\Qt6QuickWidgets.prl
2026-05-28 16:51:04,863 - aqt.updater - INFO - updater 29088 Patching C:\Qt\6.8.3\msvc2022_64\lib\Qt6QuickWidgetsd.prl
2026-05-28 16:51:04,867 - aqt.updater - INFO - updater 29088 Patching C:\Qt\6.8.3\msvc2022_64\lib\Qt6Sql.prl
2026-05-28 16:51:04,871 - aqt.updater - INFO - updater 29088 Patching C:\Qt\6.8.3\msvc2022_64\lib\Qt6Sqld.prl
2026-05-28 16:51:04,875 - aqt.updater - INFO - updater 29088 Patching C:\Qt\6.8.3\msvc2022_64\lib\Qt6Svg.prl
2026-05-28 16:51:04,880 - aqt.updater - INFO - updater 29088 Patching C:\Qt\6.8.3\msvc2022_64\lib\Qt6Svgd.prl
2026-05-28 16:51:04,884 - aqt.updater - INFO - updater 29088 Patching C:\Qt\6.8.3\msvc2022_64\lib\Qt6SvgWidgets.prl
2026-05-28 16:51:04,888 - aqt.updater - INFO - updater 29088 Patching C:\Qt\6.8.3\msvc2022_64\lib\Qt6SvgWidgetsd.prl
2026-05-28 16:51:04,891 - aqt.updater - INFO - updater 29088 Patching C:\Qt\6.8.3\msvc2022_64\lib\Qt6Test.prl
2026-05-28 16:51:04,896 - aqt.updater - INFO - updater 29088 Patching C:\Qt\6.8.3\msvc2022_64\lib\Qt6Testd.prl
2026-05-28 16:51:04,900 - aqt.updater - INFO - updater 29088 Patching C:\Qt\6.8.3\msvc2022_64\lib\Qt6UiTools.prl
2026-05-28 16:51:04,904 - aqt.updater - INFO - updater 29088 Patching C:\Qt\6.8.3\msvc2022_64\lib\Qt6UiToolsd.prl
2026-05-28 16:51:04,915 - aqt.updater - INFO - updater 29088 Patching C:\Qt\6.8.3\msvc2022_64\lib\Qt6Widgets.prl
2026-05-28 16:51:04,920 - aqt.updater - INFO - updater 29088 Patching C:\Qt\6.8.3\msvc2022_64\lib\Qt6Widgetsd.prl
2026-05-28 16:51:04,924 - aqt.updater - INFO - updater 29088 Patching C:\Qt\6.8.3\msvc2022_64\lib\Qt6Xml.prl
2026-05-28 16:51:04,928 - aqt.updater - INFO - updater 29088 Patching C:\Qt\6.8.3\msvc2022_64\lib\Qt6Xmld.prl
2026-05-28 16:51:04,932 - aqt.main - INFO - installer 29088 Finished installation
2026-05-28 16:51:04,933 - aqt.main - INFO - installer 29088 Time elapsed: 46.83504670 second
2026-05-28 16:51:14,570 - aqt.installer - INFO - installer 8148 Finished installation of qtdeclarative-Windows-Windows_11_23H2-MSVC2022-Windows-Windows_11_23H2-X86_64.7z in 34.71936130
2026-05-28 16:51:14,659 - aqt.updater - INFO - updater 21036 Patching C:\Qt\6.8.3\msvc2022_64\bin\qmake.exe
2026-05-28 16:51:14,663 - aqt.updater - INFO - updater 21036 Patching C:\Qt\6.8.3\msvc2022_64\lib\Qt6Concurrent.prl
2026-05-28 16:51:14,669 - aqt.updater - INFO - updater 21036 Patching C:\Qt\6.8.3\msvc2022_64\lib\Qt6Concurrentd.prl
2026-05-28 16:51:14,674 - aqt.updater - INFO - updater 21036 Patching C:\Qt\6.8.3\msvc2022_64\lib\Qt6Core.prl
2026-05-28 16:51:14,678 - aqt.updater - INFO - updater 21036 Patching C:\Qt\6.8.3\msvc2022_64\lib\Qt6Core5Compat.prl
2026-05-28 16:51:14,679 - aqt.updater - INFO - updater 21036 Patching C:\Qt\6.8.3\msvc2022_64\lib\Qt6Cored.prl
2026-05-28 16:51:14,686 - aqt.updater - INFO - updater 21036 Patching C:\Qt\6.8.3\msvc2022_64\lib\Qt6DBus.prl
2026-05-28 16:51:14,690 - aqt.updater - INFO - updater 21036 Patching C:\Qt\6.8.3\msvc2022_64\lib\Qt6DBusd.prl
2026-05-28 16:51:14,694 - aqt.updater - INFO - updater 21036 Patching C:\Qt\6.8.3\msvc2022_64\lib\Qt6Designer.prl
2026-05-28 16:51:14,697 - aqt.updater - INFO - updater 21036 Patching C:\Qt\6.8.3\msvc2022_64\lib\Qt6DesignerComponents.prl
2026-05-28 16:51:14,703 - aqt.updater - INFO - updater 21036 Patching C:\Qt\6.8.3\msvc2022_64\lib\Qt6DesignerComponentsd.prl
2026-05-28 16:51:14,707 - aqt.updater - INFO - updater 21036 Patching C:\Qt\6.8.3\msvc2022_64\lib\Qt6Designerd.prl
2026-05-28 16:51:14,710 - aqt.updater - INFO - updater 21036 Patching C:\Qt\6.8.3\msvc2022_64\lib\Qt6DeviceDiscoverySupport.prl
2026-05-28 16:51:14,715 - aqt.updater - INFO - updater 21036 Patching C:\Qt\6.8.3\msvc2022_64\lib\Qt6DeviceDiscoverySupportd.prl
2026-05-28 16:51:14,720 - aqt.updater - INFO - updater 21036 Patching C:\Qt\6.8.3\msvc2022_64\lib\Qt6EntryPoint.prl
2026-05-28 16:51:14,724 - aqt.updater - INFO - updater 21036 Patching C:\Qt\6.8.3\msvc2022_64\lib\Qt6EntryPointd.prl
2026-05-28 16:51:14,728 - aqt.updater - INFO - updater 21036 Patching C:\Qt\6.8.3\msvc2022_64\lib\Qt6ExampleIcons.prl
2026-05-28 16:51:14,732 - aqt.updater - INFO - updater 21036 Patching C:\Qt\6.8.3\msvc2022_64\lib\Qt6ExampleIconsd.prl
2026-05-28 16:51:14,736 - aqt.updater - INFO - updater 21036 Patching C:\Qt\6.8.3\msvc2022_64\lib\Qt6ExamplesAssetDownloader.prl
2026-05-28 16:51:14,740 - aqt.updater - INFO - updater 21036 Patching C:\Qt\6.8.3\msvc2022_64\lib\Qt6ExamplesAssetDownloaderd.prl
2026-05-28 16:51:14,745 - aqt.updater - INFO - updater 21036 Patching C:\Qt\6.8.3\msvc2022_64\lib\Qt6FbSupport.prl
2026-05-28 16:51:14,750 - aqt.updater - INFO - updater 21036 Patching C:\Qt\6.8.3\msvc2022_64\lib\Qt6FbSupportd.prl
2026-05-28 16:51:14,754 - aqt.updater - INFO - updater 21036 Patching C:\Qt\6.8.3\msvc2022_64\lib\Qt6Gui.prl
2026-05-28 16:51:14,758 - aqt.updater - INFO - updater 21036 Patching C:\Qt\6.8.3\msvc2022_64\lib\Qt6Guid.prl
2026-05-28 16:51:14,762 - aqt.updater - INFO - updater 21036 Patching C:\Qt\6.8.3\msvc2022_64\lib\Qt6Help.prl
2026-05-28 16:51:14,767 - aqt.updater - INFO - updater 21036 Patching C:\Qt\6.8.3\msvc2022_64\lib\Qt6Helpd.prl
2026-05-28 16:51:14,771 - aqt.updater - INFO - updater 21036 Patching C:\Qt\6.8.3\msvc2022_64\lib\Qt6LabsAnimation.prl
2026-05-28 16:51:14,775 - aqt.updater - INFO - updater 21036 Patching C:\Qt\6.8.3\msvc2022_64\lib\Qt6LabsAnimationd.prl
2026-05-28 16:51:14,779 - aqt.updater - INFO - updater 21036 Patching C:\Qt\6.8.3\msvc2022_64\lib\Qt6LabsFolderListModel.prl
2026-05-28 16:51:14,783 - aqt.updater - INFO - updater 21036 Patching C:\Qt\6.8.3\msvc2022_64\lib\Qt6LabsFolderListModeld.prl
2026-05-28 16:51:14,788 - aqt.updater - INFO - updater 21036 Patching C:\Qt\6.8.3\msvc2022_64\lib\Qt6LabsPlatform.prl
2026-05-28 16:51:14,792 - aqt.updater - INFO - updater 21036 Patching C:\Qt\6.8.3\msvc2022_64\lib\Qt6LabsPlatformd.prl
2026-05-28 16:51:14,797 - aqt.updater - INFO - updater 21036 Patching C:\Qt\6.8.3\msvc2022_64\lib\Qt6LabsQmlModels.prl
2026-05-28 16:51:14,801 - aqt.updater - INFO - updater 21036 Patching C:\Qt\6.8.3\msvc2022_64\lib\Qt6LabsQmlModelsd.prl
2026-05-28 16:51:14,805 - aqt.updater - INFO - updater 21036 Patching C:\Qt\6.8.3\msvc2022_64\lib\Qt6LabsSettings.prl
2026-05-28 16:51:14,809 - aqt.updater - INFO - updater 21036 Patching C:\Qt\6.8.3\msvc2022_64\lib\Qt6LabsSettingsd.prl
2026-05-28 16:51:14,814 - aqt.updater - INFO - updater 21036 Patching C:\Qt\6.8.3\msvc2022_64\lib\Qt6LabsSharedImage.prl
2026-05-28 16:51:14,818 - aqt.updater - INFO - updater 21036 Patching C:\Qt\6.8.3\msvc2022_64\lib\Qt6LabsSharedImaged.prl
2026-05-28 16:51:14,824 - aqt.updater - INFO - updater 21036 Patching C:\Qt\6.8.3\msvc2022_64\lib\Qt6LabsWavefrontMesh.prl
2026-05-28 16:51:14,828 - aqt.updater - INFO - updater 21036 Patching C:\Qt\6.8.3\msvc2022_64\lib\Qt6LabsWavefrontMeshd.prl
2026-05-28 16:51:14,832 - aqt.updater - INFO - updater 21036 Patching C:\Qt\6.8.3\msvc2022_64\lib\Qt6Network.prl
2026-05-28 16:51:14,837 - aqt.updater - INFO - updater 21036 Patching C:\Qt\6.8.3\msvc2022_64\lib\Qt6Networkd.prl
2026-05-28 16:51:14,841 - aqt.updater - INFO - updater 21036 Patching C:\Qt\6.8.3\msvc2022_64\lib\Qt6OpenGL.prl
2026-05-28 16:51:14,846 - aqt.updater - INFO - updater 21036 Patching C:\Qt\6.8.3\msvc2022_64\lib\Qt6OpenGLd.prl
2026-05-28 16:51:14,850 - aqt.updater - INFO - updater 21036 Patching C:\Qt\6.8.3\msvc2022_64\lib\Qt6OpenGLWidgets.prl
2026-05-28 16:51:14,854 - aqt.updater - INFO - updater 21036 Patching C:\Qt\6.8.3\msvc2022_64\lib\Qt6OpenGLWidgetsd.prl
2026-05-28 16:51:14,858 - aqt.updater - INFO - updater 21036 Patching C:\Qt\6.8.3\msvc2022_64\lib\Qt6PacketProtocol.prl
2026-05-28 16:51:14,864 - aqt.updater - INFO - updater 21036 Patching C:\Qt\6.8.3\msvc2022_64\lib\Qt6PacketProtocold.prl
2026-05-28 16:51:14,868 - aqt.updater - INFO - updater 21036 Patching C:\Qt\6.8.3\msvc2022_64\lib\Qt6PrintSupport.prl
2026-05-28 16:51:14,872 - aqt.updater - INFO - updater 21036 Patching C:\Qt\6.8.3\msvc2022_64\lib\Qt6PrintSupportd.prl
2026-05-28 16:51:14,876 - aqt.updater - INFO - updater 21036 Patching C:\Qt\6.8.3\msvc2022_64\lib\Qt6Qml.prl
2026-05-28 16:51:14,880 - aqt.updater - INFO - updater 21036 Patching C:\Qt\6.8.3\msvc2022_64\lib\Qt6QmlAssetDownloader.prl
2026-05-28 16:51:14,885 - aqt.updater - INFO - updater 21036 Patching C:\Qt\6.8.3\msvc2022_64\lib\Qt6QmlAssetDownloaderd.prl
2026-05-28 16:51:14,889 - aqt.updater - INFO - updater 21036 Patching C:\Qt\6.8.3\msvc2022_64\lib\Qt6QmlCompiler.prl
2026-05-28 16:51:14,893 - aqt.updater - INFO - updater 21036 Patching C:\Qt\6.8.3\msvc2022_64\lib\Qt6QmlCompilerd.prl
2026-05-28 16:51:14,897 - aqt.updater - INFO - updater 21036 Patching C:\Qt\6.8.3\msvc2022_64\lib\Qt6QmlCore.prl
2026-05-28 16:51:14,902 - aqt.updater - INFO - updater 21036 Patching C:\Qt\6.8.3\msvc2022_64\lib\Qt6QmlCored.prl
2026-05-28 16:51:14,907 - aqt.updater - INFO - updater 21036 Patching C:\Qt\6.8.3\msvc2022_64\lib\Qt6Qmld.prl
2026-05-28 16:51:14,908 - aqt.updater - INFO - updater 21036 Patching C:\Qt\6.8.3\msvc2022_64\lib\Qt6QmlDebug.prl
2026-05-28 16:51:14,911 - aqt.updater - INFO - updater 21036 Patching C:\Qt\6.8.3\msvc2022_64\lib\Qt6QmlDebugd.prl
2026-05-28 16:51:14,915 - aqt.updater - INFO - updater 21036 Patching C:\Qt\6.8.3\msvc2022_64\lib\Qt6QmlDom.prl
2026-05-28 16:51:14,920 - aqt.updater - INFO - updater 21036 Patching C:\Qt\6.8.3\msvc2022_64\lib\Qt6QmlDomd.prl
2026-05-28 16:51:14,921 - aqt.updater - INFO - updater 21036 Patching C:\Qt\6.8.3\msvc2022_64\lib\Qt6QmlLocalStorage.prl
2026-05-28 16:51:14,922 - aqt.updater - INFO - updater 21036 Patching C:\Qt\6.8.3\msvc2022_64\lib\Qt6QmlLocalStoraged.prl
2026-05-28 16:51:14,923 - aqt.updater - INFO - updater 21036 Patching C:\Qt\6.8.3\msvc2022_64\lib\Qt6QmlLS.prl
2026-05-28 16:51:14,924 - aqt.updater - INFO - updater 21036 Patching C:\Qt\6.8.3\msvc2022_64\lib\Qt6QmlLSd.prl
2026-05-28 16:51:14,925 - aqt.updater - INFO - updater 21036 Patching C:\Qt\6.8.3\msvc2022_64\lib\Qt6QmlMeta.prl
2026-05-28 16:51:14,926 - aqt.updater - INFO - updater 21036 Patching C:\Qt\6.8.3\msvc2022_64\lib\Qt6QmlMetad.prl
2026-05-28 16:51:14,927 - aqt.updater - INFO - updater 21036 Patching C:\Qt\6.8.3\msvc2022_64\lib\Qt6QmlModels.prl
2026-05-28 16:51:14,928 - aqt.updater - INFO - updater 21036 Patching C:\Qt\6.8.3\msvc2022_64\lib\Qt6QmlModelsd.prl
2026-05-28 16:51:14,929 - aqt.updater - INFO - updater 21036 Patching C:\Qt\6.8.3\msvc2022_64\lib\Qt6QmlNetwork.prl
2026-05-28 16:51:14,929 - aqt.updater - INFO - updater 21036 Patching C:\Qt\6.8.3\msvc2022_64\lib\Qt6QmlNetworkd.prl
2026-05-28 16:51:14,930 - aqt.updater - INFO - updater 21036 Patching C:\Qt\6.8.3\msvc2022_64\lib\Qt6QmlToolingSettings.prl
2026-05-28 16:51:14,931 - aqt.updater - INFO - updater 21036 Patching C:\Qt\6.8.3\msvc2022_64\lib\Qt6QmlToolingSettingsd.prl
2026-05-28 16:51:14,932 - aqt.updater - INFO - updater 21036 Patching C:\Qt\6.8.3\msvc2022_64\lib\Qt6QmlTypeRegistrar.prl
2026-05-28 16:51:14,932 - aqt.updater - INFO - updater 21036 Patching C:\Qt\6.8.3\msvc2022_64\lib\Qt6QmlTypeRegistrard.prl
2026-05-28 16:51:14,933 - aqt.updater - INFO - updater 21036 Patching C:\Qt\6.8.3\msvc2022_64\lib\Qt6QmlWorkerScript.prl
2026-05-28 16:51:14,934 - aqt.updater - INFO - updater 21036 Patching C:\Qt\6.8.3\msvc2022_64\lib\Qt6QmlWorkerScriptd.prl
2026-05-28 16:51:14,935 - aqt.updater - INFO - updater 21036 Patching C:\Qt\6.8.3\msvc2022_64\lib\Qt6QmlXmlListModel.prl
2026-05-28 16:51:14,936 - aqt.updater - INFO - updater 21036 Patching C:\Qt\6.8.3\msvc2022_64\lib\Qt6QmlXmlListModeld.prl
2026-05-28 16:51:14,937 - aqt.updater - INFO - updater 21036 Patching C:\Qt\6.8.3\msvc2022_64\lib\Qt6Quick.prl
2026-05-28 16:51:14,942 - aqt.updater - INFO - updater 21036 Patching C:\Qt\6.8.3\msvc2022_64\lib\Qt6QuickControls2.prl
2026-05-28 16:51:14,943 - aqt.updater - INFO - updater 21036 Patching C:\Qt\6.8.3\msvc2022_64\lib\Qt6QuickControls2Basic.prl
2026-05-28 16:51:14,944 - aqt.updater - INFO - updater 21036 Patching C:\Qt\6.8.3\msvc2022_64\lib\Qt6QuickControls2Basicd.prl
2026-05-28 16:51:14,945 - aqt.updater - INFO - updater 21036 Patching C:\Qt\6.8.3\msvc2022_64\lib\Qt6QuickControls2BasicStyleImpl.prl
2026-05-28 16:51:14,946 - aqt.updater - INFO - updater 21036 Patching C:\Qt\6.8.3\msvc2022_64\lib\Qt6QuickControls2BasicStyleImpld.prl
2026-05-28 16:51:14,947 - aqt.updater - INFO - updater 21036 Patching C:\Qt\6.8.3\msvc2022_64\lib\Qt6QuickControls2d.prl
2026-05-28 16:51:14,947 - aqt.updater - INFO - updater 21036 Patching C:\Qt\6.8.3\msvc2022_64\lib\Qt6QuickControls2FluentWinUI3StyleImpl.prl
2026-05-28 16:51:14,952 - aqt.updater - INFO - updater 21036 Patching C:\Qt\6.8.3\msvc2022_64\lib\Qt6QuickControls2FluentWinUI3StyleImpld.prl
2026-05-28 16:51:14,954 - aqt.updater - INFO - updater 21036 Patching C:\Qt\6.8.3\msvc2022_64\lib\Qt6QuickControls2Fusion.prl
2026-05-28 16:51:14,955 - aqt.updater - INFO - updater 21036 Patching C:\Qt\6.8.3\msvc2022_64\lib\Qt6QuickControls2Fusiond.prl
2026-05-28 16:51:14,956 - aqt.updater - INFO - updater 21036 Patching C:\Qt\6.8.3\msvc2022_64\lib\Qt6QuickControls2FusionStyleImpl.prl
2026-05-28 16:51:14,957 - aqt.updater - INFO - updater 21036 Patching C:\Qt\6.8.3\msvc2022_64\lib\Qt6QuickControls2FusionStyleImpld.prl
2026-05-28 16:51:14,958 - aqt.updater - INFO - updater 21036 Patching C:\Qt\6.8.3\msvc2022_64\lib\Qt6QuickControls2Imagine.prl
2026-05-28 16:51:14,959 - aqt.updater - INFO - updater 21036 Patching C:\Qt\6.8.3\msvc2022_64\lib\Qt6QuickControls2Imagined.prl
2026-05-28 16:51:14,960 - aqt.updater - INFO - updater 21036 Patching C:\Qt\6.8.3\msvc2022_64\lib\Qt6QuickControls2ImagineStyleImpl.prl
2026-05-28 16:51:14,961 - aqt.updater - INFO - updater 21036 Patching C:\Qt\6.8.3\msvc2022_64\lib\Qt6QuickControls2ImagineStyleImpld.prl
2026-05-28 16:51:14,961 - aqt.updater - INFO - updater 21036 Patching C:\Qt\6.8.3\msvc2022_64\lib\Qt6QuickControls2Impl.prl
2026-05-28 16:51:14,966 - aqt.updater - INFO - updater 21036 Patching C:\Qt\6.8.3\msvc2022_64\lib\Qt6QuickControls2Impld.prl
2026-05-28 16:51:14,967 - aqt.updater - INFO - updater 21036 Patching C:\Qt\6.8.3\msvc2022_64\lib\Qt6QuickControls2Material.prl
2026-05-28 16:51:14,968 - aqt.updater - INFO - updater 21036 Patching C:\Qt\6.8.3\msvc2022_64\lib\Qt6QuickControls2Materiald.prl
2026-05-28 16:51:14,969 - aqt.updater - INFO - updater 21036 Patching C:\Qt\6.8.3\msvc2022_64\lib\Qt6QuickControls2MaterialStyleImpl.prl
2026-05-28 16:51:14,971 - aqt.updater - INFO - updater 21036 Patching C:\Qt\6.8.3\msvc2022_64\lib\Qt6QuickControls2MaterialStyleImpld.prl
2026-05-28 16:51:14,971 - aqt.updater - INFO - updater 21036 Patching C:\Qt\6.8.3\msvc2022_64\lib\Qt6QuickControls2Universal.prl
2026-05-28 16:51:14,972 - aqt.updater - INFO - updater 21036 Patching C:\Qt\6.8.3\msvc2022_64\lib\Qt6QuickControls2Universald.prl
2026-05-28 16:51:14,973 - aqt.updater - INFO - updater 21036 Patching C:\Qt\6.8.3\msvc2022_64\lib\Qt6QuickControls2UniversalStyleImpl.prl
2026-05-28 16:51:14,974 - aqt.updater - INFO - updater 21036 Patching C:\Qt\6.8.3\msvc2022_64\lib\Qt6QuickControls2UniversalStyleImpld.prl
2026-05-28 16:51:14,975 - aqt.updater - INFO - updater 21036 Patching C:\Qt\6.8.3\msvc2022_64\lib\Qt6QuickControls2WindowsStyleImpl.prl
2026-05-28 16:51:14,976 - aqt.updater - INFO - updater 21036 Patching C:\Qt\6.8.3\msvc2022_64\lib\Qt6QuickControls2WindowsStyleImpld.prl
2026-05-28 16:51:14,977 - aqt.updater - INFO - updater 21036 Patching C:\Qt\6.8.3\msvc2022_64\lib\Qt6QuickControlsTestUtils.prl
2026-05-28 16:51:14,978 - aqt.updater - INFO - updater 21036 Patching C:\Qt\6.8.3\msvc2022_64\lib\Qt6QuickControlsTestUtilsd.prl
2026-05-28 16:51:14,983 - aqt.updater - INFO - updater 21036 Patching C:\Qt\6.8.3\msvc2022_64\lib\Qt6Quickd.prl
2026-05-28 16:51:14,984 - aqt.updater - INFO - updater 21036 Patching C:\Qt\6.8.3\msvc2022_64\lib\Qt6QuickDialogs2.prl
2026-05-28 16:51:14,984 - aqt.updater - INFO - updater 21036 Patching C:\Qt\6.8.3\msvc2022_64\lib\Qt6QuickDialogs2d.prl
2026-05-28 16:51:14,985 - aqt.updater - INFO - updater 21036 Patching C:\Qt\6.8.3\msvc2022_64\lib\Qt6QuickDialogs2QuickImpl.prl
2026-05-28 16:51:14,987 - aqt.updater - INFO - updater 21036 Patching C:\Qt\6.8.3\msvc2022_64\lib\Qt6QuickDialogs2QuickImpld.prl
2026-05-28 16:51:14,987 - aqt.updater - INFO - updater 21036 Patching C:\Qt\6.8.3\msvc2022_64\lib\Qt6QuickDialogs2Utils.prl
2026-05-28 16:51:14,988 - aqt.updater - INFO - updater 21036 Patching C:\Qt\6.8.3\msvc2022_64\lib\Qt6QuickDialogs2Utilsd.prl
2026-05-28 16:51:14,990 - aqt.updater - INFO - updater 21036 Patching C:\Qt\6.8.3\msvc2022_64\lib\Qt6QuickEffects.prl
2026-05-28 16:51:14,990 - aqt.updater - INFO - updater 21036 Patching C:\Qt\6.8.3\msvc2022_64\lib\Qt6QuickEffectsd.prl
2026-05-28 16:51:14,991 - aqt.updater - INFO - updater 21036 Patching C:\Qt\6.8.3\msvc2022_64\lib\Qt6QuickLayouts.prl
2026-05-28 16:51:14,992 - aqt.updater - INFO - updater 21036 Patching C:\Qt\6.8.3\msvc2022_64\lib\Qt6QuickLayoutsd.prl
2026-05-28 16:51:14,993 - aqt.updater - INFO - updater 21036 Patching C:\Qt\6.8.3\msvc2022_64\lib\Qt6QuickParticles.prl
2026-05-28 16:51:14,994 - aqt.updater - INFO - updater 21036 Patching C:\Qt\6.8.3\msvc2022_64\lib\Qt6QuickParticlesd.prl
2026-05-28 16:51:14,995 - aqt.updater - INFO - updater 21036 Patching C:\Qt\6.8.3\msvc2022_64\lib\Qt6QuickShapes.prl
2026-05-28 16:51:14,996 - aqt.updater - INFO - updater 21036 Patching C:\Qt\6.8.3\msvc2022_64\lib\Qt6QuickShapesd.prl
2026-05-28 16:51:14,996 - aqt.updater - INFO - updater 21036 Patching C:\Qt\6.8.3\msvc2022_64\lib\Qt6QuickTemplates2.prl
2026-05-28 16:51:14,997 - aqt.updater - INFO - updater 21036 Patching C:\Qt\6.8.3\msvc2022_64\lib\Qt6QuickTemplates2d.prl
2026-05-28 16:51:14,998 - aqt.updater - INFO - updater 21036 Patching C:\Qt\6.8.3\msvc2022_64\lib\Qt6QuickTest.prl
2026-05-28 16:51:14,999 - aqt.updater - INFO - updater 21036 Patching C:\Qt\6.8.3\msvc2022_64\lib\Qt6QuickTestd.prl
2026-05-28 16:51:15,000 - aqt.updater - INFO - updater 21036 Patching C:\Qt\6.8.3\msvc2022_64\lib\Qt6QuickTestUtils.prl
2026-05-28 16:51:15,005 - aqt.updater - INFO - updater 21036 Patching C:\Qt\6.8.3\msvc2022_64\lib\Qt6QuickTestUtilsd.prl
2026-05-28 16:51:15,006 - aqt.updater - INFO - updater 21036 Patching C:\Qt\6.8.3\msvc2022_64\lib\Qt6QuickVectorImage.prl
2026-05-28 16:51:15,007 - aqt.updater - INFO - updater 21036 Patching C:\Qt\6.8.3\msvc2022_64\lib\Qt6QuickVectorImaged.prl
2026-05-28 16:51:15,008 - aqt.updater - INFO - updater 21036 Patching C:\Qt\6.8.3\msvc2022_64\lib\Qt6QuickVectorImageGenerator.prl
2026-05-28 16:51:15,009 - aqt.updater - INFO - updater 21036 Patching C:\Qt\6.8.3\msvc2022_64\lib\Qt6QuickVectorImageGeneratord.prl
2026-05-28 16:51:15,010 - aqt.updater - INFO - updater 21036 Patching C:\Qt\6.8.3\msvc2022_64\lib\Qt6QuickWidgets.prl
2026-05-28 16:51:15,011 - aqt.updater - INFO - updater 21036 Patching C:\Qt\6.8.3\msvc2022_64\lib\Qt6QuickWidgetsd.prl
2026-05-28 16:51:15,011 - aqt.updater - INFO - updater 21036 Patching C:\Qt\6.8.3\msvc2022_64\lib\Qt6Sql.prl
2026-05-28 16:51:15,017 - aqt.updater - INFO - updater 21036 Patching C:\Qt\6.8.3\msvc2022_64\lib\Qt6Sqld.prl
2026-05-28 16:51:15,023 - aqt.updater - INFO - updater 21036 Patching C:\Qt\6.8.3\msvc2022_64\lib\Qt6Svg.prl
2026-05-28 16:51:15,028 - aqt.updater - INFO - updater 21036 Patching C:\Qt\6.8.3\msvc2022_64\lib\Qt6Svgd.prl
2026-05-28 16:51:15,032 - aqt.updater - INFO - updater 21036 Patching C:\Qt\6.8.3\msvc2022_64\lib\Qt6SvgWidgets.prl
2026-05-28 16:51:15,037 - aqt.updater - INFO - updater 21036 Patching C:\Qt\6.8.3\msvc2022_64\lib\Qt6SvgWidgetsd.prl
2026-05-28 16:51:15,040 - aqt.updater - INFO - updater 21036 Patching C:\Qt\6.8.3\msvc2022_64\lib\Qt6Test.prl
2026-05-28 16:51:15,045 - aqt.updater - INFO - updater 21036 Patching C:\Qt\6.8.3\msvc2022_64\lib\Qt6Testd.prl
2026-05-28 16:51:15,049 - aqt.updater - INFO - updater 21036 Patching C:\Qt\6.8.3\msvc2022_64\lib\Qt6UiTools.prl
2026-05-28 16:51:15,053 - aqt.updater - INFO - updater 21036 Patching C:\Qt\6.8.3\msvc2022_64\lib\Qt6UiToolsd.prl
2026-05-28 16:51:15,058 - aqt.updater - INFO - updater 21036 Patching C:\Qt\6.8.3\msvc2022_64\lib\Qt6Widgets.prl
2026-05-28 16:51:15,064 - aqt.updater - INFO - updater 21036 Patching C:\Qt\6.8.3\msvc2022_64\lib\Qt6Widgetsd.prl
2026-05-28 16:51:15,068 - aqt.updater - INFO - updater 21036 Patching C:\Qt\6.8.3\msvc2022_64\lib\Qt6Xml.prl
2026-05-28 16:51:15,073 - aqt.updater - INFO - updater 21036 Patching C:\Qt\6.8.3\msvc2022_64\lib\Qt6Xmld.prl
2026-05-28 16:51:15,079 - aqt.main - INFO - installer 21036 Finished installation
2026-05-28 16:51:15,079 - aqt.main - INFO - installer 21036 Time elapsed: 44.81835200 second
